2024-10-10 04:16:46 - Gabriel - Pontuação: 2
2024-10-10 04:24:48 - Jogador Anônimo - Pontuação: 0
2024-10-10 04:25:13 -  - Pontuação: 0
2024-10-10 04:26:33 - Jogador Anônimo - Pontuação: 0
2024-10-10 04:29:49 - Jogador Anônimo - Pontuação: 0
2024-10-10 04:29:50 - Jogador Anônimo - Pontuação: 0
2024-10-10 04:29:51 - Jogador Anônimo - Pontuação: 0
2024-10-10 04:30:27 - Gabs - Pontuação: 22
2024-10-10 04:35:51 - Jogador Anônimo - Pontuação: 0
2024-10-10 04:35:52 - Jogador Anônimo - Pontuação: 0
2024-10-10 04:35:53 - Jogador Anônimo - Pontuação: 0
2024-10-10 04:35:53 - Jogador Anônimo - Pontuação: 0
2024-10-10 04:35:54 - Jogador Anônimo - Pontuação: 0
2024-10-10 04:38:02 - Gabs <3 - Pontuação: 5
2024-10-10 11:37:36 - Jogador Anônimo - Pontuação: 0
2024-10-10 11:41:07 - Jogador Anônimo - Pontuação: 0
2024-10-10 11:41:08 - Jogador Anônimo - Pontuação: 0
2024-10-10 11:41:09 - Jogador Anônimo - Pontuação: 0
2024-10-10 11:42:51 - Gabriel - Pontuação: 67
2024-10-10 11:43:13 - Jogador Anônimo - Pontuação: 0
2024-10-10 11:43:13 - Jogador Anônimo - Pontuação: 0
2024-10-10 11:44:19 - Nerdola - Pontuação: 52
2024-10-10 11:50:18 -  Gabs - Pontuação: 46
2024-10-10 12:03:01 - Berola - Pontuação: 6
2024-10-11 18:30:41 - gabd - Pontuação: 17
